2016-06-21 05:23:32.839 PM	****** Start Logging ******
2016-06-21 05:23:32.865 PM	doWork	--------Start----------
2016-06-21 05:23:35.164 PM	doWork	Generate HK Report.
2016-06-21 05:24:07.869 PM	doWork	Table doesn't have a primary key.
2016-06-21 05:24:07.871 PM	doWork	Generate Taiwan Report.
2016-06-21 05:24:07.873 PM	doWork	--------End------------
2016-06-21 05:24:33.694 PM	doWork	--------Start----------
2016-06-21 05:24:33.722 PM	doWork	Generate HK Report.
2016-06-21 05:26:13.566 PM	doWork	--------Start----------
2016-06-21 05:26:13.599 PM	doWork	Generate HK Report.
2016-06-21 05:28:26.434 PM	doWork	--------Start----------
2016-06-21 05:28:26.461 PM	doWork	Generate HK Report.
2016-06-21 05:29:41.174 PM	doWork	Generate Taiwan Report.
2016-06-21 05:29:42.743 PM	doWork	--------End------------
2016-06-21 05:33:00.869 PM	doWork	--------Start----------
2016-06-21 05:33:00.897 PM	doWork	Generate HK Report.
2016-06-21 05:33:07.932 PM	doWork	Generate Taiwan Report.
2016-06-21 05:33:08.932 PM	doWork	--------End------------
2016-06-21 05:33:28.444 PM	doWork	--------Start----------
2016-06-21 05:33:28.471 PM	doWork	Generate HK Report.
2016-06-21 05:36:22.240 PM	doWork	--------Start----------
2016-06-21 05:36:22.276 PM	doWork	Generate HK Report.
2016-06-21 05:37:30.172 PM	doWork	--------Start----------
2016-06-21 05:37:30.221 PM	doWork	Generate HK Report.
2016-06-21 05:37:54.826 PM	doWork	Generate Taiwan Report.
2016-06-21 05:38:31.507 PM	doWork	--------End------------
2016-06-22 10:43:54.047 AM	doWork	--------Start----------
2016-06-22 10:43:54.061 AM	doWork	Generate HK Report.
2016-07-05 10:40:36.063 AM	doWork	--------Start----------
2016-07-05 10:40:36.077 AM	doWork	Generate HK Report.
2016-07-05 10:48:20.517 AM	doWork	--------Start----------
2016-07-05 10:48:20.531 AM	doWork	Generate HK Report.
2016-07-05 10:51:13.426 AM	doWork	Generate Taiwan Report.
2016-07-05 10:51:13.427 AM	doWork	--------End------------
2016-07-05 10:52:09.016 AM	doWork	--------Start----------
2016-07-05 10:52:09.052 AM	doWork	Generate HK Report.
2016-07-05 10:53:21.125 AM	doWork	Generate Taiwan Report.
2016-07-05 10:53:21.127 AM	doWork	--------End------------
2016-07-05 11:10:03.928 AM	doWork	--------Start----------
2016-07-05 11:10:03.945 AM	doWork	Generate HK Report.
2016-07-05 11:11:08.630 AM	doWork	Generate Taiwan Report.
2016-07-05 11:11:54.486 AM	doWork	Column 'U_SEBProdLinePi2' does not belong to table Table.
2016-07-05 11:11:54.488 AM	doWork	--------End------------
2016-07-05 11:13:59.386 AM	doWork	--------Start----------
2016-07-05 11:13:59.404 AM	doWork	Generate HK Report.
2016-07-05 11:15:16.403 AM	doWork	Generate Taiwan Report.
2016-07-05 11:16:08.359 AM	doWork	Column 'U_SEBProdLinePi2' does not belong to table Table.
2016-07-05 11:16:08.360 AM	doWork	--------End------------
2016-07-05 11:16:38.401 AM	doWork	--------Start----------
2016-07-05 11:16:38.415 AM	doWork	Generate HK Report.
2016-07-05 11:16:38.418 AM	doWork	Generate Taiwan Report.
2016-07-05 11:32:50.298 AM	doWork	--------Start----------
2016-07-05 11:32:50.313 AM	doWork	Generate HK Report.
2016-07-05 11:32:50.314 AM	doWork	Generate Taiwan Report.
2016-07-05 11:32:50.595 AM	doWork	Column 'SEBbran2' does not belong to table Table.
2016-07-05 11:32:50.595 AM	doWork	--------End------------
2016-07-05 11:33:29.672 AM	doWork	--------Start----------
2016-07-05 11:33:29.694 AM	doWork	Generate HK Report.
2016-07-05 11:33:29.694 AM	doWork	Generate Taiwan Report.
2016-07-05 11:34:24.232 AM	doWork	Column 'SEBbran2' does not belong to table Table.
2016-07-05 11:34:24.234 AM	doWork	--------End------------
2016-07-05 11:37:44.312 AM	doWork	--------Start----------
2016-07-05 11:37:44.331 AM	doWork	Generate HK Report.
2016-07-05 11:37:44.332 AM	doWork	Generate Taiwan Report.
2016-07-05 11:38:48.144 AM	doWork	--------End------------
2016-07-05 04:47:01.758 PM	doWork	--------Start----------
2016-07-05 04:47:01.771 PM	doWork	Generate HK Report.
2016-07-05 04:48:07.618 PM	doWork	Generate Taiwan Report.
2016-07-05 04:49:00.604 PM	doWork	--------End------------
2016-07-06 10:38:17.163 AM	doWork	--------Start----------
2016-07-06 10:38:17.191 AM	doWork	Generate HK Report.
2016-07-06 10:38:51.598 AM	doWork	Generate Taiwan Report.
2016-07-06 10:39:08.600 AM	doWork	--------End------------
2016-07-07 09:32:38.182 AM	doWork	--------Start----------
2016-07-07 09:32:38.204 AM	doWork	Generate HK Report.
2017-06-30 02:32:23.654 PM	doWork	--------Start----------
2017-06-30 02:32:31.906 PM	doWork	Generate HK Report.
2017-06-30 02:45:48.510 PM	doWork	CookwareSalesReportHK.
2017-06-30 02:47:14.791 PM	doWork	SDASalesReportHK.
2017-06-30 02:58:47.493 PM	doWork	--------Start----------
2017-06-30 02:59:17.322 PM	doWork	Generate HK Report.
2017-06-30 03:20:26.156 PM	doWork	CookwareSalesReportHK.
2017-06-30 03:24:40.308 PM	doWork	Reference isn't valid.
2017-06-30 03:24:40.312 PM	doWork	SDASalesReportHK.
2017-06-30 03:26:42.908 PM	doWork	--------End------------
2017-07-31 11:50:35.220 AM	doWork	--------Start----------
2017-07-31 11:51:15.917 AM	doWork	Generate HK Report.
2017-08-15 09:24:45.551 AM	doWork	--------Start----------
2017-08-15 09:24:55.726 AM	doWork	Generate HK Report.
2017-09-26 02:28:47.982 PM	doWork	--------Start----------
2017-09-26 02:29:38.033 PM	doWork	Generate HK Report.
2017-09-26 02:39:46.850 PM	doWork	--------Start----------
2017-09-26 02:39:55.380 PM	doWork	Generate HK Report.
2017-09-26 02:44:21.114 PM	doWork	--------Start----------
2017-09-26 02:49:47.197 PM	doWork	--------Start----------
2017-09-26 02:50:04.688 PM	doWork	Generate HK Report.
2017-09-28 10:19:42.172 AM	doWork	--------Start----------
2017-09-28 10:19:53.059 AM	doWork	Generate HK Report.
2017-09-28 10:25:59.873 AM	doWork	--------Start----------
2017-09-28 10:26:10.004 AM	doWork	Generate HK Report.
2017-09-28 10:26:27.201 AM	doWork	General ODBC Error
2017-11-13 03:49:37.196 PM	doWork	--------Start----------
2017-11-13 03:53:10.267 PM	doWork	Unable to cast COM object of type 'System.__ComObject' to interface type 'Microsoft.Office.Interop.Excel.Worksheet'. This operation failed because the QueryInterface call on the COM component for the interface with IID '{000208D8-0000-0000-C000-000000000046}' failed due to the following error: No such interface supported (Exception from HRESULT: 0x80004002 (E_NOINTERFACE)).
2017-11-13 03:55:00.287 PM	doWork	--------Start----------
2017-11-13 03:58:06.785 PM	doWork	Unable to cast COM object of type 'System.__ComObject' to interface type 'Microsoft.Office.Interop.Excel.Worksheet'. This operation failed because the QueryInterface call on the COM component for the interface with IID '{000208D8-0000-0000-C000-000000000046}' failed due to the following error: No such interface supported (Exception from HRESULT: 0x80004002 (E_NOINTERFACE)).
2017-11-13 03:59:22.271 PM	doWork	--------Start----------
2017-11-13 04:04:45.774 PM	doWork	Select method of Worksheet class failed
2017-11-13 04:07:33.000 PM	doWork	--------Start----------
2017-11-13 04:13:03.854 PM	doWork	Select method of Worksheet class failed
2017-11-13 04:14:17.780 PM	doWork	--------Start----------
2017-11-13 04:14:25.488 PM	doWork	Generate HK Report.
2017-11-21 10:17:43.984 AM	doWork	--------Start----------
2017-11-21 10:18:03.754 AM	doWork	Generate HK Report.
2017-11-21 10:26:57.936 AM	doWork	--------Start----------
2017-11-21 10:27:07.587 AM	doWork	Generate HK Report.
2017-11-21 10:35:07.940 AM	doWork	CookwareSalesReportHK.
2017-11-21 10:37:15.033 AM	doWork	SDASalesReportHK.
2017-11-21 10:39:01.602 AM	doWork	AntonioSalesReportHK.
2017-11-21 10:40:40.645 AM	doWork	CatherineSalesReportHK.
2017-11-21 10:42:51.814 AM	doWork	FelixSalesReportHK.
2017-11-21 10:46:44.247 AM	doWork	JoeSalesReportHK.
2017-11-21 10:49:35.462 AM	doWork	Cannot access 'JoeSalesReportHK.xlsx'.
2017-11-21 10:49:35.464 AM	doWork	SauYingSalesReportHK.
2017-11-21 10:52:02.403 AM	doWork	Cannot access 'SauYingSalesReportHK.xlsx'.
2017-11-21 10:52:02.408 AM	doWork	WaiKitSalesReportHK.
2017-11-21 10:54:55.423 AM	doWork	KilySalesReportHK.
2017-11-21 10:57:11.373 AM	doWork	MarketingSalesReportHK.
2017-11-21 10:59:46.265 AM	doWork	Generate Taiwan Report.
2017-11-21 11:05:18.854 AM	doWork	Exception from HRESULT: 0x800A03EC
2017-11-21 11:05:43.872 AM	doWork	--------End------------
2017-11-21 11:24:05.486 AM	doWork	--------Start----------
2017-11-21 11:24:48.951 AM	doWork	Generate Taiwan Report.
2017-11-21 11:29:50.836 AM	doWork	--------End------------
2017-12-28 03:59:44.539 PM	doWork	--------Start----------
2017-12-28 03:59:57.855 PM	doWork	Generate HK Report.
2017-12-28 05:41:20.328 PM	doWork	--------Start----------
2017-12-28 05:41:42.331 PM	doWork	Generate HK Report.
2017-12-28 05:50:00.825 PM	doWork	--------Start----------
2017-12-28 05:50:08.855 PM	doWork	Generate HK Report.
2017-12-29 01:52:07.143 AM	doWork	--------Start----------
2017-12-29 01:52:38.022 AM	doWork	Generate HK Report.
2018-01-12 02:43:56.824 PM	doWork	--------Start----------
2018-01-12 02:44:46.431 PM	doWork	Generate HK Report.
2018-01-12 03:06:10.749 PM	doWork	--------Start----------
2018-01-12 03:06:19.985 PM	doWork	Generate HK Report.
2018-01-18 12:22:22.970 PM	doWork	--------Start----------
2018-01-18 12:23:14.436 PM	doWork	FelixSalesReportHK.
2018-01-18 04:42:59.298 PM	doWork	--------Start----------
2018-01-18 04:43:56.841 PM	doWork	FelixSalesReportHK.
2018-01-31 04:39:54.796 PM	doWork	--------Start----------
2018-01-31 04:40:06.090 PM	doWork	Generate HK Report.
2018-01-31 04:46:31.981 PM	doWork	Unable to get the PivotFields property of the PivotTable class
2018-02-28 05:53:39.478 PM	doWork	--------Start----------
2018-02-28 05:53:55.650 PM	doWork	Generate HK Report.
2018-02-28 06:01:42.085 PM	doWork	Unable to get the PivotFields property of the PivotTable class
2018-03-27 10:14:32.699 AM	doWork	--------Start----------
2018-03-27 10:14:55.054 AM	doWork	Generate HK Report.
2018-03-27 10:16:27.095 AM	doWork	--------Start----------
2018-03-27 10:16:42.081 AM	doWork	Generate HK Report.
2018-03-27 10:18:53.105 AM	doWork	Column 'customerid' is constrained to be unique.  Value 'AR299-156' is already present.
2018-03-27 10:23:46.123 AM	doWork	--------Start----------
2018-03-27 10:24:03.323 AM	doWork	Generate HK Report.
2018-03-27 10:27:58.479 AM	doWork	Column 'customerid' is constrained to be unique.  Value 'AR299-156' is already present.
2018-03-27 10:30:09.875 AM	doWork	--------Start----------
2018-03-27 10:30:22.038 AM	doWork	Generate HK Report.
2018-03-27 10:35:27.974 AM	doWork	Unable to get the PivotFields property of the PivotTable class
2018-03-27 10:41:45.031 AM	doWork	--------Start----------
2018-03-27 10:42:34.841 AM	doWork	Unable to get the PivotFields property of the PivotTable class
2018-03-27 10:45:22.196 AM	doWork	CookwareSalesReportHK.
2018-03-27 10:47:03.361 AM	doWork	SDASalesReportHK.
2018-03-27 10:48:36.717 AM	doWork	AntonioSalesReportHK.
2018-03-27 10:50:52.153 AM	doWork	CatherineSalesReportHK.
2018-03-27 10:52:36.166 AM	doWork	FelixSalesReportHK.
2018-03-27 10:54:04.934 AM	doWork	Cannot access 'FelixSalesReportHK.xlsx'.
2018-03-27 10:54:09.408 AM	doWork	JoeSalesReportHK.
2018-03-27 10:56:04.586 AM	doWork	Cannot access 'JoeSalesReportHK.xlsx'.
2018-03-27 10:56:04.593 AM	doWork	SauYingSalesReportHK.
2018-03-27 10:58:16.814 AM	doWork	WaiKitSalesReportHK.
2018-03-27 11:00:26.817 AM	doWork	KilySalesReportHK.
2018-03-27 11:02:34.623 AM	doWork	MarketingSalesReportHK.
2018-03-27 11:05:16.352 AM	doWork	
2018-03-27 11:06:21.191 AM	doWork	--------End------------
2018-03-29 04:33:02.622 PM	doWork	--------Start----------
2018-03-29 04:33:18.173 PM	doWork	Generate HK Report.
2018-03-29 04:39:48.731 PM	doWork	Unable to get the PivotFields property of the PivotTable class
2018-03-29 04:41:54.923 PM	doWork	Unable to get the PivotFields property of the PivotTable class
2018-03-29 04:44:25.005 PM	doWork	CookwareSalesReportHK.
2018-04-11 04:58:43.580 PM	doWork	--------Start----------
2018-04-11 04:59:20.794 PM	doWork	Generate Taiwan Report.
2018-05-02 12:20:17.480 PM	doWork	--------Start----------
2018-05-02 12:20:58.960 PM	doWork	MarketingSalesReportHK.
2018-05-02 12:43:13.043 PM	doWork	--------Start----------
2018-05-02 12:44:00.807 PM	doWork	MarketingSalesReportHK.
2018-08-24 09:26:15.763 AM	doWork	--------Start----------
2018-08-24 09:26:21.788 AM	doWork	Generate HK Report.
2018-08-24 10:00:05.963 AM	doWork	--------Start----------
2018-08-24 10:00:13.004 AM	doWork	Generate HK Report.
2018-08-24 10:05:19.387 AM	doWork	CookwareSalesReportHK.
2018-08-24 10:07:24.306 AM	doWork	SDASalesReportHK.
2018-08-24 10:09:00.546 AM	doWork	AntonioSalesReportHK.
2018-08-24 10:10:49.921 AM	doWork	CatherineSalesReportHK.
2018-08-24 10:12:44.623 AM	doWork	FelixSalesReportHK.
2018-08-24 10:14:40.934 AM	doWork	JoeSalesReportHK.
2018-08-24 10:16:25.000 AM	doWork	SauYingSalesReportHK.
2018-08-24 10:18:14.134 AM	doWork	Cannot access 'SauYingSalesReportHK.xlsx'.
2018-08-24 10:18:14.143 AM	doWork	WaiKitSalesReportHK.
2018-08-24 10:25:39.831 AM	doWork	KilySalesReportHK.
2018-08-24 10:31:48.339 AM	doWork	MarketingSalesReportHK.
2018-08-24 10:34:01.072 AM	doWork	Generate Taiwan Report.
2018-08-24 10:38:57.678 AM	doWork	--------End------------
2018-11-08 03:11:38.308 PM	doWork	--------Start----------
2018-11-09 03:32:07.551 PM	doWork	--------Start----------
2018-11-09 03:32:12.027 PM	doWork	Generate HK Report.
2018-11-09 03:33:52.987 PM	doWork	General ODBC Error
2018-11-09 03:40:12.758 PM	doWork	CookwareSalesReportHK.
2018-12-03 09:36:00.828 AM	doWork	--------Start----------
2018-12-31 09:37:37.711 AM	doWork	--------Start----------
2018-12-31 09:37:52.362 AM	doWork	Generate HK Report.
2018-12-31 09:37:58.412 AM	doWork	SalesExtract
2018-12-31 10:51:07.259 AM	doWork	--------Start----------
2018-12-31 10:59:10.424 AM	doWork	--------Start----------
2018-12-31 11:00:12.644 AM	doWork	--------Start----------
2018-12-31 11:00:30.160 AM	doWork	Generate HK Report.
2018-12-31 11:00:36.422 AM	doWork	SalesExtract
2018-12-31 11:05:37.794 AM	doWork	SalesReportHK
2018-12-31 11:05:57.491 AM	GenerateReport	SalesReportHK - GenerateReport
2018-12-31 11:05:58.110 AM	GenerateReport	SalesReportHK - After MySettings
2018-12-31 11:06:09.189 AM	GenerateReport	SalesReportHK - Try
2018-12-31 11:06:13.313 AM	GenerateReport	SalesReportHK - After Create Object
2018-12-31 11:06:13.508 AM	GenerateReport	User :AS\dlie
2018-12-31 11:06:29.498 AM	GenerateReport	File Exist: C:\Work\vb2013\BOne\BusinessOne\BusinessOne\bin\x86\Debug\templates\ExcelTemplateNew.xltx False
2018-12-31 11:06:30.525 AM	doWork	Sorry, we couldn't find C:\Work\vb2013\BOne\BusinessOne\BusinessOne\bin\x86\Debug\templates\ExcelTemplateNew.xltx. Is it possible it was moved, renamed or deleted?
2018-12-31 11:06:32.476 AM	doWork	CookwareSalesReportHK.
2018-12-31 11:07:00.448 AM	doWork	General ODBC Error
2018-12-31 11:07:00.450 AM	doWork	SDASalesReportHK.
2019-01-02 02:28:33.537 PM	doWork	--------Start----------
2019-01-02 02:28:55.680 PM	doWork	Generate HK Report.
2019-01-02 02:29:03.318 PM	doWork	SalesReportHK
2019-01-02 02:29:10.201 PM	GenerateReport	SalesReportHK - GenerateReport
2019-01-02 02:29:11.753 PM	GenerateReport	SalesReportHK - After MySettings
2019-01-02 02:29:58.415 PM	GenerateReport	SalesReportHK - Try
2019-01-02 02:30:00.386 PM	GenerateReport	SalesReportHK - After Create Object
2019-01-02 02:30:00.387 PM	GenerateReport	User :AS\dlie
2019-01-02 02:30:00.392 PM	GenerateReport	File Exist: C:\Work\vb2013\BOne\BusinessOne\BusinessOne\bin\x86\Debug\templates\ExcelTemplateNew.xltx False
2019-01-02 02:31:22.027 PM	GenerateReport	SalesReportHK - GenerateReport
2019-01-02 02:31:22.609 PM	GenerateReport	SalesReportHK - After MySettings
2019-01-02 02:31:39.446 PM	GenerateReport	SalesReportHK - Try
2019-01-02 02:31:42.068 PM	GenerateReport	SalesReportHK - After Create Object
2019-01-02 02:31:43.065 PM	GenerateReport	User :AS\dlie
2019-01-02 02:34:24.908 PM	GenerateReport	File Exist: C:\Work\vb2013\BOne\BusinessOne\BusinessOne\bin\x86\Debug\templates\ExcelTemplateNew.xltx True
2019-01-02 02:34:30.091 PM	GenerateReport	Can Open
2019-01-02 02:41:35.977 PM	doWork	Unable to get the PivotFields property of the PivotTable class
2019-01-02 02:41:44.813 PM	GenerateReport	SalesReportHK - GenerateReport
2019-01-02 02:41:44.814 PM	GenerateReport	SalesReportHK - After MySettings
2019-01-02 02:42:04.142 PM	GenerateReport	SalesReportHK - Try
2019-01-02 02:42:05.704 PM	GenerateReport	SalesReportHK - After Create Object
2019-01-02 02:42:05.705 PM	GenerateReport	User :AS\dlie
2019-01-02 02:42:05.708 PM	GenerateReport	File Exist: C:\Work\vb2013\BOne\BusinessOne\BusinessOne\bin\x86\Debug\templates\ExcelTemplateNew.xltx True
2019-01-02 02:42:05.907 PM	GenerateReport	Can Open
2019-01-02 02:47:05.425 PM	doWork	Unable to get the PivotFields property of the PivotTable class
2019-04-15 09:46:31.460 AM	doWork	--------Start----------
2019-04-15 09:46:40.245 AM	doWork	Generate HK Report.
2019-04-15 09:46:48.206 AM	doWork	SalesReportHK
2019-04-15 09:46:50.772 AM	GenerateReport	SalesReportHK - GenerateReport
2019-04-15 09:46:51.332 AM	GenerateReport	SalesReportHK - After MySettings
2019-04-15 09:46:53.798 AM	GenerateReport	SalesReportHK - Try
2019-04-15 09:46:56.417 AM	GenerateReport	SalesReportHK - After Create Object
2019-04-15 09:46:56.476 AM	GenerateReport	User :AS\dlie
2019-04-15 09:46:57.136 AM	GenerateReport	File Exist: C:\Users\dlie\Documents\GitHub\BOne\BusinessOne\bin\x86\Debug\templates\ExcelTemplateNew.xltx True
2019-04-15 09:46:58.285 AM	GenerateReport	Can Open
2019-04-15 09:58:28.025 AM	doWork	--------Start----------
2019-04-15 09:58:34.645 AM	doWork	Generate HK Report.
2019-04-15 10:59:12.645 AM	doWork	--------Start----------
2019-04-15 10:59:19.244 AM	doWork	Generate HK Report.
2019-04-15 10:59:31.251 AM	doWork	SalesReportHK001
2019-04-15 10:59:55.056 AM	GenerateReport	SalesReportHK - GenerateReport
2019-04-15 11:00:01.851 AM	GenerateReport	SalesReportHK - Try
2019-04-15 11:00:03.382 AM	GenerateReport	SalesReportHK - After Create Object
2019-04-15 11:00:03.384 AM	GenerateReport	User :AS\dlie
2019-04-15 11:00:03.392 AM	GenerateReport	File Exist: C:\Users\dlie\Documents\GitHub\BOne\BusinessOne\bin\x86\Debug\templates\ExcelTemplateNew.xltx True
2019-04-15 11:00:03.769 AM	GenerateReport	Can Open
2019-04-15 11:37:38.174 AM	doWork	--------Start----------
2019-04-15 11:37:41.493 AM	doWork	Generate HK Report.
2019-04-15 11:37:48.342 AM	doWork	SalesReportHK001
2019-04-15 11:38:01.916 AM	GenerateReport	SalesReportHK - GenerateReport
2019-04-15 11:38:02.654 AM	GenerateReport	SalesReportHK - Try
2019-04-15 11:38:04.266 AM	GenerateReport	SalesReportHK - After Create Object
2019-04-15 11:38:04.267 AM	GenerateReport	User :AS\dlie
2019-04-15 11:38:04.271 AM	GenerateReport	File Exist: C:\Users\dlie\Documents\GitHub\BOne\BusinessOne\bin\x86\Debug\templates\ExcelTemplateNew.xltx True
2019-04-15 11:38:04.606 AM	GenerateReport	Can Open
2019-04-15 11:44:12.499 AM	doWork	SalesReportHK
2019-04-15 11:44:17.108 AM	GenerateReport	SalesReportHK - GenerateReport
2019-04-15 11:44:53.496 AM	GenerateReport	SalesReportHK - Try
2019-04-15 11:46:55.047 AM	GenerateReport	SalesReportHK - GenerateReport
2019-04-15 11:47:30.337 AM	doWork	
2019-04-15 11:47:34.163 AM	doWork	SalesReportHK
2019-05-07 02:18:14.333 PM	doWork	--------Start----------
2019-05-07 02:18:52.902 PM	doWork	--------Start----------
2019-05-07 02:18:58.818 PM	doWork	Generate HK Report.
2019-05-07 02:19:10.788 PM	doWork	SalesReportHK001
2019-05-07 02:19:18.957 PM	GenerateReport	SalesReportHK - GenerateReport
2019-05-07 02:19:25.735 PM	GenerateReport	SalesReportHK - Try
2019-05-07 02:19:27.336 PM	GenerateReport	SalesReportHK - After Create Object
2019-05-07 02:19:27.337 PM	GenerateReport	User :AS\dlie
2019-05-07 02:19:27.344 PM	GenerateReport	File Exist: C:\Users\dlie\Documents\GitHub\BOne\BusinessOne\bin\x86\Debug\templates\ExcelTemplateNew.xltx True
2019-05-07 02:19:27.663 PM	GenerateReport	Can Open
2019-05-07 02:23:56.231 PM	doWork	Unable to get the PivotFields property of the PivotTable class
2019-05-07 02:23:57.800 PM	doWork	SalesReportHK
2019-05-07 02:27:10.418 PM	doWork	--------Start----------
2019-05-07 02:27:26.975 PM	doWork	SalesReportHK001
2019-05-07 02:27:32.649 PM	GenerateReport	SalesReportHK - GenerateReport
2019-05-07 02:27:33.813 PM	GenerateReport	SalesReportHK - Try
2019-05-07 02:27:35.410 PM	GenerateReport	SalesReportHK - After Create Object
2019-05-07 02:27:35.413 PM	GenerateReport	User :AS\dlie
2019-05-07 02:27:35.416 PM	GenerateReport	File Exist: C:\Users\dlie\Documents\GitHub\BOne\BusinessOne\bin\x86\Debug\templates\ExcelTemplateNew.xltx True
2019-05-07 02:27:35.606 PM	GenerateReport	Can Open
2019-05-07 02:31:39.660 PM	doWork	Unable to get the PivotFields property of the PivotTable class
2019-05-07 02:31:40.072 PM	doWork	SalesReportHK
2019-05-08 11:09:51.517 AM	doWork	--------Start----------
2019-05-08 11:10:01.626 AM	GenerateReport	SalesReportHK - GenerateReport
2019-05-08 11:10:02.426 AM	GenerateReport	SalesReportHK - Try
2019-05-08 11:10:03.558 AM	GenerateReport	SalesReportHK - After Create Object
2019-05-08 11:10:03.559 AM	GenerateReport	User :AS\dlie
2019-05-08 11:10:03.565 AM	GenerateReport	File Exist: C:\Users\dlie\Documents\GitHub\BOne\BusinessOne\bin\x86\Debug\templates\ExcelTemplateNew.xltx True
2019-05-08 11:10:03.823 AM	GenerateReport	Can Open
2019-05-08 11:16:13.038 AM	doWork	--------Start----------
2019-05-08 11:16:16.201 AM	doWork	Generate HK Report.
2019-05-08 11:16:23.540 AM	doWork	SalesReportHK001
2019-05-08 11:16:24.335 AM	GenerateReport	SalesReportHK - GenerateReport
2019-05-08 11:16:25.116 AM	GenerateReport	SalesReportHK - Try
2019-05-08 11:16:26.247 AM	GenerateReport	SalesReportHK - After Create Object
2019-05-08 11:16:26.248 AM	GenerateReport	User :AS\dlie
2019-05-08 11:16:26.251 AM	GenerateReport	File Exist: C:\Users\dlie\Documents\GitHub\BOne\BusinessOne\bin\x86\Debug\templates\ExcelTemplateNew.xltx True
2019-05-08 11:16:26.495 AM	GenerateReport	Can Open
2019-05-08 11:19:53.055 AM	doWork	Unable to get the PivotFields property of the PivotTable class
2019-05-08 11:19:59.764 AM	doWork	SalesReportHK001
2019-05-08 11:20:00.460 AM	GenerateReport	SalesReportHK - GenerateReport
2019-05-08 11:20:00.915 AM	GenerateReport	SalesReportHK - Try
2019-05-08 11:20:02.121 AM	GenerateReport	SalesReportHK - After Create Object
2019-05-08 11:20:02.123 AM	GenerateReport	User :AS\dlie
2019-05-08 11:20:02.126 AM	GenerateReport	File Exist: C:\Users\dlie\Documents\GitHub\BOne\BusinessOne\bin\x86\Debug\templates\ExcelTemplateNew.xltx True
2019-05-08 11:20:02.375 AM	GenerateReport	Can Open
2019-05-08 11:42:54.578 AM	doWork	--------Start----------
2019-05-08 11:43:04.337 AM	doWork	SalesReportHK001
2019-05-08 11:43:05.365 AM	GenerateReport	SalesReportHK - GenerateReport
2019-05-08 11:43:05.860 AM	GenerateReport	SalesReportHK - Try
2019-05-08 11:43:06.979 AM	GenerateReport	SalesReportHK - After Create Object
2019-05-08 11:43:06.981 AM	GenerateReport	User :AS\dlie
2019-05-08 11:43:06.985 AM	GenerateReport	File Exist: C:\Users\dlie\Documents\GitHub\BOne\BusinessOne\bin\x86\Debug\templates\ExcelTemplateNew.xltx True
2019-05-08 11:43:07.163 AM	GenerateReport	Can Open
2019-05-08 11:52:33.342 AM	doWork	--------Start----------
2020-01-02 10:54:21.913 AM	doWork	--------Start----------
2020-01-02 10:54:38.864 AM	doWork	Generate HK Report.
2020-01-02 10:54:47.413 AM	doWork	SalesExtract
2020-01-02 10:56:25.972 AM	doWork	SalesReportHK001
2020-01-02 10:56:31.025 AM	GenerateReport	SalesReportHK - GenerateReport
2020-01-02 10:56:34.018 AM	GenerateReport	SalesReportHK - Try
2020-01-02 10:56:37.562 AM	GenerateReport	SalesReportHK - After Create Object
2020-01-02 10:56:37.770 AM	GenerateReport	User :AS\dlie
2020-01-02 10:56:39.056 AM	GenerateReport	File Exist: C:\Users\dlie\Documents\GitHub\BOne\BusinessOne\bin\x86\Debug\templates\ExcelTemplateNew.xltx True
2020-01-02 10:56:40.879 AM	GenerateReport	Can Open
2020-01-02 11:00:05.345 AM	doWork	Exception from HRESULT: 0x800A03EC
2020-01-02 11:01:33.211 AM	doWork	SalesReportHK
2020-01-02 11:01:38.487 AM	doWork	SalesReportHK001
2020-01-02 11:01:51.649 AM	GenerateReport	SalesReportHK - GenerateReport
2020-01-02 11:01:52.365 AM	GenerateReport	SalesReportHK - Try
2020-01-02 11:02:04.610 AM	GenerateReport	SalesReportHK - After Create Object
2020-01-02 11:02:04.612 AM	GenerateReport	User :AS\dlie
2020-01-02 11:02:04.618 AM	GenerateReport	File Exist: C:\Users\dlie\Documents\GitHub\BOne\BusinessOne\bin\x86\Debug\templates\ExcelTemplateNew.xltx True
2020-01-02 11:02:04.923 AM	GenerateReport	Can Open
2020-01-02 11:05:29.536 AM	GenerateReport	SalesReportHK - GenerateReport
2020-01-02 11:05:30.142 AM	GenerateReport	SalesReportHK - Try
2020-01-02 11:05:31.645 AM	GenerateReport	SalesReportHK - After Create Object
2020-01-02 11:05:31.647 AM	GenerateReport	User :AS\dlie
2020-01-02 11:05:31.650 AM	GenerateReport	File Exist: C:\Users\dlie\Documents\GitHub\BOne\BusinessOne\bin\x86\Debug\templates\ExcelTemplateNew.xltx True
2020-01-02 11:05:31.909 AM	GenerateReport	Can Open
2020-01-02 11:08:35.989 AM	doWork	Exception from HRESULT: 0x800A03EC
2020-01-02 11:09:50.645 AM	GenerateReport	SalesReportHK - GenerateReport
2020-01-02 11:09:52.203 AM	GenerateReport	SalesReportHK - Try
2020-01-02 11:09:53.648 AM	GenerateReport	SalesReportHK - After Create Object
2020-01-02 11:09:53.649 AM	GenerateReport	User :AS\dlie
2020-01-02 11:09:53.652 AM	GenerateReport	File Exist: C:\Users\dlie\Documents\GitHub\BOne\BusinessOne\bin\x86\Debug\templates\ExcelTemplateNew.xltx True
2020-01-02 11:09:53.902 AM	GenerateReport	Can Open
2020-01-02 11:37:31.960 AM	doWork	Exception from HRESULT: 0x800A03EC
2020-01-02 11:37:39.197 AM	doWork	SalesReportHK001
2020-01-02 11:37:39.880 AM	GenerateReport	SalesReportHK - GenerateReport
2020-01-02 11:37:40.783 AM	GenerateReport	SalesReportHK - Try
2020-01-02 11:37:42.362 AM	GenerateReport	SalesReportHK - After Create Object
2020-01-02 11:37:42.364 AM	GenerateReport	User :AS\dlie
2020-01-02 11:37:42.368 AM	GenerateReport	File Exist: C:\Users\dlie\Documents\GitHub\BOne\BusinessOne\bin\x86\Debug\templates\ExcelTemplateNew.xltx True
2020-01-02 11:37:42.654 AM	GenerateReport	Can Open
2020-01-02 11:37:58.148 AM	doWork	General ODBC Error
2020-01-02 11:38:02.616 AM	GenerateReport	SalesReportHK - GenerateReport
2020-01-02 11:38:03.295 AM	GenerateReport	SalesReportHK - Try
2020-01-02 11:38:04.859 AM	GenerateReport	SalesReportHK - After Create Object
2020-01-02 11:38:04.861 AM	GenerateReport	User :AS\dlie
2020-01-02 11:38:04.864 AM	GenerateReport	File Exist: C:\Users\dlie\Documents\GitHub\BOne\BusinessOne\bin\x86\Debug\templates\ExcelTemplateNew.xltx True
2020-01-02 11:38:05.147 AM	GenerateReport	Can Open
2020-01-02 11:40:30.551 AM	doWork	Exception from HRESULT: 0x800A03EC
2020-01-02 11:40:34.299 AM	GenerateReport	SalesReportHK - GenerateReport
2020-01-02 11:40:34.992 AM	GenerateReport	SalesReportHK - Try
2020-01-02 11:40:36.664 AM	GenerateReport	SalesReportHK - After Create Object
2020-01-02 11:40:36.665 AM	GenerateReport	User :AS\dlie
2020-01-02 11:40:36.669 AM	GenerateReport	File Exist: C:\Users\dlie\Documents\GitHub\BOne\BusinessOne\bin\x86\Debug\templates\ExcelTemplateNew.xltx True
2020-01-02 11:40:36.925 AM	GenerateReport	Can Open
2020-01-02 11:46:24.551 AM	doWork	Exception from HRESULT: 0x800A03EC
2020-01-02 11:46:25.056 AM	doWork	SalesReportHK
2020-02-25 11:17:27.834 AM	dowork	--------Start Warehouse----------
2020-02-25 11:17:31.129 AM	dowork	Generate HK Warehouse Text File.
2020-02-25 11:21:15.798 AM	dowork	--------Start Warehouse----------
2020-02-25 11:21:20.965 AM	dowork	Generate HK Warehouse Text File.
2020-02-25 11:26:22.529 AM	dowork	--------Start Warehouse----------
2020-02-25 11:26:23.578 AM	dowork	Generate HK Warehouse Text File.
2020-02-25 11:28:37.165 AM	dowork	--------Start Warehouse----------
2020-02-25 11:28:37.196 AM	dowork	Generate HK Warehouse Text File.
2020-02-25 11:29:27.139 AM	dowork	--------Start Warehouse----------
2020-02-25 11:29:27.147 AM	dowork	Generate HK Warehouse Text File.
2020-02-25 11:30:37.551 AM	dowork	--------Start Warehouse----------
2020-02-25 11:30:37.571 AM	dowork	Generate HK Warehouse Text File.
2020-02-25 11:37:27.761 AM	dowork	--------Start Warehouse----------
2020-02-25 11:37:27.774 AM	dowork	Generate HK Warehouse Text File.
2020-02-25 11:37:58.451 AM	dowork	Generate HK Warehouse Text File.
2020-02-25 03:31:50.551 PM	dowork	--------Start Warehouse----------
2020-02-25 03:31:50.566 PM	dowork	Generate HK Warehouse Text File.
2020-02-25 03:39:00.758 PM	dowork	--------Start Warehouse----------
2020-02-25 03:39:00.758 PM	dowork	Generate HK Warehouse Text File.
2020-02-25 04:01:39.589 PM	dowork	--------Start Warehouse----------
2020-02-25 04:01:39.605 PM	dowork	Generate HK Warehouse Text File.
2020-02-25 04:02:35.856 PM	dowork	Generate TW Warehouse Text File.
2020-03-12 09:55:15.160 AM	dowork	--------Start Warehouse----------
2020-03-12 09:55:15.176 AM	dowork	Generate HK Warehouse Text File.
2020-03-12 09:56:57.778 AM	dowork	Generate TW Warehouse Text File.
2020-03-12 10:42:22.481 AM	dowork	--------Start Warehouse----------
2020-03-12 10:42:22.496 AM	dowork	Generate HK Warehouse Text File.
2020-03-12 10:43:03.737 AM	dowork	--------Start Warehouse----------
2020-03-12 10:43:04.737 AM	dowork	Generate HK Warehouse Text File.
2020-03-12 10:45:40.091 AM	dowork	Generate TW Warehouse Text File.
2020-03-12 10:47:23.513 AM	dowork	--------Start Warehouse----------
2020-03-12 10:47:23.513 AM	dowork	Generate HK Warehouse Text File.
2020-03-12 10:48:05.815 AM	dowork	Generate TW Warehouse Text File.
2020-03-12 10:50:21.965 AM	dowork	--------Start Warehouse----------
2020-03-12 10:50:21.981 AM	dowork	Generate HK Warehouse Text File.
2020-03-12 10:51:02.616 AM	dowork	Generate TW Warehouse Text File.
2020-04-20 10:14:55.332 AM	GenerateReport	Generate Report.
2020-04-20 10:14:57.939 AM	GenerateReport	Open Template : C:\Users\dlie\Documents\GitHub\BOne\BusinessOne\bin\x86\Debug\templates\warehouse.xltx
2020-04-20 10:30:33.445 AM	GenerateReport	Generate Report.
2020-04-20 10:30:35.128 AM	GenerateReport	Open Template : C:\Users\dlie\Documents\GitHub\BOne\BusinessOne\bin\x86\Debug\templates\warehouse.xltx
2020-04-20 10:31:47.706 AM	GenerateReport	Generate Report.
2020-04-20 10:31:49.248 AM	GenerateReport	Open Template : C:\Users\dlie\Documents\GitHub\BOne\BusinessOne\bin\x86\Debug\templates\warehouse.xltx
2020-04-20 10:33:36.857 AM	GenerateReport	Generate Report.
2020-04-20 10:33:38.595 AM	GenerateReport	Open Template : C:\Users\dlie\Documents\GitHub\BOne\BusinessOne\bin\x86\Debug\templates\warehouse.xltx
2020-06-01 09:42:58.992 AM	GenerateReport	Generate Report.
2020-06-01 09:43:00.780 AM	GenerateReport	Open Template : C:\Users\dlie\Documents\GitHub\BOne\BusinessOne\bin\x86\Debug\templates\warehouse.xltx
2020-06-01 09:45:49.001 AM	GenerateReport	Generate Report.
2020-06-01 09:45:50.633 AM	GenerateReport	Open Template : C:\Users\dlie\Documents\GitHub\BOne\BusinessOne\bin\x86\Debug\templates\warehouse.xltx
2020-06-01 09:46:46.181 AM	GenerateReport	Generate Report.
2020-06-01 09:46:47.701 AM	GenerateReport	Open Template : C:\Users\dlie\Documents\GitHub\BOne\BusinessOne\bin\x86\Debug\templates\warehouse.xltx
2020-06-01 09:47:34.522 AM	GenerateReport	Generate Report.
2020-06-01 09:47:36.101 AM	GenerateReport	Open Template : C:\Users\dlie\Documents\GitHub\BOne\BusinessOne\bin\x86\Debug\templates\warehouse.xltx
2020-06-01 09:54:07.403 AM	GenerateReport	Generate Report.
2020-06-01 09:54:09.170 AM	GenerateReport	Open Template : C:\Users\dlie\Documents\GitHub\BOne\BusinessOne\bin\x86\Debug\templates\warehouse.xltx
2020-06-01 09:54:59.603 AM	GenerateReport	Generate Report.
2020-06-01 09:55:01.280 AM	GenerateReport	Open Template : C:\Users\dlie\Documents\GitHub\BOne\BusinessOne\bin\x86\Debug\templates\warehouse.xltx
2020-06-01 09:55:33.332 AM	GenerateReport	Generate Report.
2020-06-01 09:55:34.908 AM	GenerateReport	Open Template : C:\Users\dlie\Documents\GitHub\BOne\BusinessOne\bin\x86\Debug\templates\warehouse.xltx
2020-06-01 09:56:04.561 AM	GenerateReport	Generate Report.
2020-06-01 09:56:06.159 AM	GenerateReport	Open Template : C:\Users\dlie\Documents\GitHub\BOne\BusinessOne\bin\x86\Debug\templates\warehouse.xltx
2020-06-01 09:56:39.664 AM	GenerateReport	Generate Report.
2020-06-01 09:56:41.090 AM	GenerateReport	Open Template : C:\Users\dlie\Documents\GitHub\BOne\BusinessOne\bin\x86\Debug\templates\warehouseTW.xltx
2020-06-01 09:57:36.296 AM	GenerateReport	Generate Report.
2020-06-01 09:57:37.712 AM	GenerateReport	Open Template : C:\Users\dlie\Documents\GitHub\BOne\BusinessOne\bin\x86\Debug\templates\warehouseTW.xltx
2020-06-01 09:58:20.885 AM	GenerateReport	Generate Report.
2020-06-01 09:58:22.330 AM	GenerateReport	Open Template : C:\Users\dlie\Documents\GitHub\BOne\BusinessOne\bin\x86\Debug\templates\warehouseTW.xltx
2020-06-01 09:59:02.353 AM	GenerateReport	Generate Report.
2020-06-01 09:59:04.020 AM	GenerateReport	Open Template : C:\Users\dlie\Documents\GitHub\BOne\BusinessOne\bin\x86\Debug\templates\warehouseTW.xltx
2020-06-26 02:49:22.297 PM	GenerateReport	Generate Report.
2020-06-26 02:49:23.989 PM	GenerateReport	Open Template : C:\Users\dlie\Documents\GitHub\BOne\BusinessOne\bin\x86\Debug\templates\warehouse.xltx
2020-07-17 10:11:56.471 AM	GenerateReport	Generate Report.
2020-07-17 10:12:00.066 AM	GenerateReport	Open Template : C:\Users\dlie\Documents\GitHub\BOne\BusinessOne\bin\x86\Debug\templates\warehouse.xltx
2020-07-17 10:13:08.027 AM	GenerateReport	Generate Report.
2020-07-17 10:13:15.834 AM	GenerateReport	Open Template : C:\Users\dlie\Documents\GitHub\BOne\BusinessOne\bin\x86\Debug\templates\warehouse.xltx
2020-07-17 10:14:48.781 AM	GenerateReport	Generate Report.
2020-07-17 10:14:50.567 AM	GenerateReport	Open Template : C:\Users\dlie\Documents\GitHub\BOne\BusinessOne\bin\x86\Debug\templates\warehouse.xltx
2020-07-17 10:18:39.082 AM	GenerateReport	Generate Report.
2020-07-17 10:18:40.718 AM	GenerateReport	Open Template : C:\Users\dlie\Documents\GitHub\BOne\BusinessOne\bin\x86\Debug\templates\warehouse.xltx
2020-07-20 10:05:58.755 AM	GenerateReport	Generate Report.
2020-07-20 10:06:02.493 AM	GenerateReport	Open Template : C:\Users\dlie\Documents\GitHub\BOne\BusinessOne\bin\x86\Debug\templates\warehouse.xltx
2020-07-20 10:06:58.421 AM	GenerateReport	Generate Report.
2020-07-20 10:07:00.063 AM	GenerateReport	Open Template : C:\Users\dlie\Documents\GitHub\BOne\BusinessOne\bin\x86\Debug\templates\warehouse.xltx
2020-07-20 10:07:35.757 AM	GenerateReport	Generate Report.
2020-07-20 10:07:37.315 AM	GenerateReport	Open Template : C:\Users\dlie\Documents\GitHub\BOne\BusinessOne\bin\x86\Debug\templates\warehouse.xltx
2020-07-20 10:08:04.416 AM	GenerateReport	Generate Report.
2020-07-20 10:08:05.989 AM	GenerateReport	Open Template : C:\Users\dlie\Documents\GitHub\BOne\BusinessOne\bin\x86\Debug\templates\warehouse.xltx
2020-07-20 10:08:53.624 AM	GenerateReport	Generate Report.
2020-07-20 10:08:55.203 AM	GenerateReport	Open Template : C:\Users\dlie\Documents\GitHub\BOne\BusinessOne\bin\x86\Debug\templates\warehouse.xltx
2020-07-24 09:35:09.508 AM	GenerateReport	Generate Report.
2020-07-24 09:35:12.737 AM	GenerateReport	Open Template : C:\Users\dlie\Documents\GitHub\BOne\BusinessOne\bin\x86\Debug\templates\warehouse.xltx
2020-08-03 09:35:10.081 AM	GenerateReport	Generate Report.
2020-08-03 09:35:12.111 AM	GenerateReport	Open Template : C:\Users\dlie\Documents\GitHub\BOne\BusinessOne\bin\x86\Debug\templates\warehouse.xltx
2020-08-03 09:35:56.982 AM	GenerateReport	Generate Report.
2020-08-03 09:35:58.841 AM	GenerateReport	Open Template : C:\Users\dlie\Documents\GitHub\BOne\BusinessOne\bin\x86\Debug\templates\warehouse.xltx
2020-08-03 09:37:01.032 AM	GenerateReport	Generate Report.
2020-08-03 09:37:02.893 AM	GenerateReport	Open Template : C:\Users\dlie\Documents\GitHub\BOne\BusinessOne\bin\x86\Debug\templates\warehouse.xltx
2020-08-03 09:37:41.448 AM	GenerateReport	Generate Report.
2020-08-03 09:37:43.300 AM	GenerateReport	Open Template : C:\Users\dlie\Documents\GitHub\BOne\BusinessOne\bin\x86\Debug\templates\warehouse.xltx
2020-08-05 09:29:10.467 AM	GenerateReport	Generate Report.
2020-08-05 09:29:18.679 AM	GenerateReport	Open Template : C:\Users\dlie\Documents\GitHub\BOne\BusinessOne\bin\x86\Debug\templates\warehouse.xltx
2020-08-05 09:33:21.947 AM	GenerateReport	Generate Report.
2020-08-05 09:33:23.669 AM	GenerateReport	Open Template : C:\Users\dlie\Documents\GitHub\BOne\BusinessOne\bin\x86\Debug\templates\warehouse.xltx
2020-08-27 04:23:23.422 PM	GenerateReport	Generate Report.
2020-08-27 04:23:25.972 PM	GenerateReport	Open Template : C:\Users\dlie\Documents\GitHub\BOne\BusinessOne\bin\x86\Debug\templates\warehouse.xltx
2020-08-27 04:44:54.320 PM	GenerateReport	Generate Report.
2020-08-27 04:44:56.377 PM	GenerateReport	Open Template : C:\Users\dlie\Documents\GitHub\BOne\BusinessOne\bin\x86\Debug\templates\warehouse.xltx
2020-08-27 04:45:37.184 PM	GenerateReport	Saving File...\\172.22.10.77\bonehk\Warehouse\HK\Excel\HKWarehouse_20200826.xlsx
2020-08-27 04:45:49.863 PM	GenerateReport	End True
2020-08-31 10:25:56.014 AM	dowork	--------Start Warehouse----------
2020-08-31 10:25:58.315 AM	dowork	Generate HK Warehouse Text File.
2020-08-31 10:28:33.564 AM	DoExcelWork	Generate HK Excel.
2020-08-31 10:29:46.097 AM	GenerateReport	Generate Report.
2020-08-31 10:29:50.297 AM	GenerateReport	Open Template : C:\Users\dlie\Documents\GitHub\BOne\BusinessOne\bin\x86\Debug\templates\warehouse.xltx
2020-08-31 10:30:53.120 AM	GenerateReport	Saving File...c:\junk\HKWarehouse_20200830.xlsx
2020-08-31 10:31:11.886 AM	GenerateReport	End True
2020-08-31 03:11:06.239 PM	dowork	--------Start Warehouse----------
2020-08-31 03:11:08.278 PM	dowork	Generate HK Warehouse Text File.
2020-08-31 03:14:19.029 PM	dowork	--------Start Warehouse----------
2020-08-31 03:14:20.702 PM	dowork	Generate HK Warehouse Text File.
2020-08-31 03:15:53.774 PM	DoExcelWork	Generate HK Excel.
2020-08-31 03:17:05.519 PM	GenerateReport	Generate Report.
2020-08-31 03:17:09.350 PM	GenerateReport	Open Template : C:\Users\dlie\Documents\GitHub\BOne\BusinessOne\bin\x86\Debug\templates\warehouse.xltx
2020-08-31 03:17:54.580 PM	GenerateReport	Saving File...c:\junk\HKWarehouse_20200830.xlsx
2020-08-31 03:18:08.188 PM	GenerateReport	End True
2020-08-31 03:18:43.548 PM	DoExcelWork	SendTo: dwijanto@yahoo.com;dlie@groupeseb.com, SendTo Name: All, StatusName: c:\junk\HKWarehouse_20200830.xlsx
2020-08-31 03:25:30.844 PM	send	Create SMTPClient
2020-08-31 03:25:35.953 PM	send	SMTP Send
2020-08-31 03:25:41.369 PM	send	SMTP Send Done
2020-08-31 03:25:49.229 PM	DoExcelWork	Email Sent
2020-09-28 10:12:29.701 AM	dowork	--------Start Warehouse----------
2020-09-28 10:12:29.716 AM	dowork	Generate HK Warehouse Text File.
2020-09-28 10:19:26.789 AM	GenerateReport	Generate Report.
2020-09-28 10:20:38.708 AM	GenerateReport	Open Template : C:\Users\dlie\Documents\GitHub\BOne\BusinessOne\bin\x86\Debug\templates\warehouse.xltx
2020-09-28 10:20:52.876 AM	GenerateReport	Saving File...\\172.22.10.77\bonehk\Warehouse\HK\Excel\HKWarehouse_20200925.xlsx
2020-09-28 10:20:55.936 AM	GenerateReport	End True
2020-09-28 10:27:47.901 AM	GenerateReport	Generate Report.
2020-09-28 10:29:39.778 AM	GenerateReport	Generate Report.
2020-09-28 10:29:41.965 AM	GenerateReport	Open Template : C:\Users\dlie\Documents\GitHub\BOne\BusinessOne\bin\x86\Debug\templates\warehouse.xltx
2020-09-28 10:29:53.315 AM	GenerateReport	Saving File...\\172.22.10.77\bonehk\Warehouse\HK\Excel\HKWarehouse_20200925.xlsx
2020-09-28 10:29:57.923 AM	GenerateReport	End True
2020-09-30 10:34:15.789 AM	doWork	--------Start----------
2020-09-30 10:34:37.578 AM	doWork	Generate HK Report.
2020-09-30 10:34:52.332 AM	doWork	SalesExtract
2020-09-30 10:35:11.696 AM	doWork	Generate Taiwan Report.
2020-09-30 10:46:52.323 AM	doWork	General ODBC Error
2020-09-30 10:47:28.375 AM	doWork	--------End------------
2020-10-05 11:18:30.858 AM	doWork	--------Start----------
2020-10-05 11:18:45.102 AM	doWork	SalesReportHK001
2020-10-05 11:18:48.767 AM	GenerateReport	SalesReportHK - GenerateReport
2020-10-05 11:18:51.941 AM	GenerateReport	SalesReportHK - Try
2020-10-05 11:19:06.274 AM	GenerateReport	SalesReportHK - After Create Object
2020-10-05 11:19:06.359 AM	GenerateReport	User :AS\dlie
2020-10-05 11:19:08.809 AM	GenerateReport	File Exist: C:\Users\dlie\Documents\GitHub\BOne\BusinessOne\bin\x86\Debug\templates\ExcelTemplateNew.xltx True
2020-10-05 11:19:10.713 AM	GenerateReport	Can Open
2020-10-05 11:24:51.170 AM	doWork	SalesReportHK
2020-10-05 11:24:55.050 AM	GenerateReport	SalesReportHK - GenerateReport
2020-10-05 11:24:56.403 AM	GenerateReport	SalesReportHK - Try
2020-10-05 11:24:58.976 AM	GenerateReport	SalesReportHK - After Create Object
2020-10-05 11:24:58.977 AM	GenerateReport	User :AS\dlie
2020-10-05 11:24:58.981 AM	GenerateReport	File Exist: C:\Users\dlie\Documents\GitHub\BOne\BusinessOne\bin\x86\Debug\templates\ExcelTemplateNew.xltx True
2020-10-05 11:24:59.251 AM	GenerateReport	Can Open
2020-11-06 05:45:40.768 PM	doWork	--------Start----------
2020-11-06 05:45:54.572 PM	GenerateReport	SalesReportHK - GenerateReport
2020-11-06 05:45:56.741 PM	GenerateReport	SalesReportHK - Try
2020-11-06 05:46:07.263 PM	GenerateReport	SalesReportHK - After Create Object
2020-11-06 05:46:07.266 PM	GenerateReport	User :AS\dlie
2020-11-06 05:46:07.272 PM	GenerateReport	File Exist: C:\Users\dlie\Documents\GitHub\BOne\BusinessOne\bin\x86\Debug\templates\ExcelTemplateNew.xltx True
2020-11-06 05:46:07.720 PM	GenerateReport	Can Open
2020-11-09 09:29:02.037 AM	doWork	--------Start----------
2020-11-09 09:29:09.302 AM	doWork	Generate HK Report.
2020-11-09 09:29:16.133 AM	doWork	SalesExtract
2020-11-09 09:29:20.317 AM	doWork	SalesReportHK001
2020-11-09 09:29:23.551 AM	GenerateReport	SalesReportHK - GenerateReport
2020-11-09 09:29:27.787 AM	GenerateReport	SalesReportHK - Try
2020-11-09 09:29:31.480 AM	GenerateReport	SalesReportHK - After Create Object
2020-11-09 09:29:31.484 AM	GenerateReport	User :AS\dlie
2020-11-09 09:29:31.490 AM	GenerateReport	File Exist: C:\Users\dlie\Documents\GitHub\BOne\BusinessOne\bin\x86\Debug\templates\ExcelTemplateNew.xltx True
2020-11-09 09:29:31.847 AM	GenerateReport	Can Open
2020-11-09 09:58:20.968 AM	doWork	--------Start----------
2020-11-09 09:58:25.031 AM	doWork	Generate HK Report.
2020-11-09 09:58:33.457 AM	doWork	SalesReportHK001
2020-11-09 09:58:40.263 AM	GenerateReport	SalesReportHK - GenerateReport
2020-11-09 09:58:40.914 AM	GenerateReport	SalesReportHK - Try
2020-11-09 09:58:44.660 AM	GenerateReport	SalesReportHK - After Create Object
2020-11-09 09:58:44.664 AM	GenerateReport	User :AS\dlie
2020-11-09 09:58:44.669 AM	GenerateReport	File Exist: C:\Users\dlie\Documents\GitHub\BOne\BusinessOne\bin\x86\Debug\templates\ExcelTemplateNew.xltx True
2020-11-09 09:58:45.104 AM	GenerateReport	Can Open
2020-11-09 10:04:12.689 AM	doWork	--------Start----------
2020-11-09 10:04:14.848 AM	doWork	Generate HK Report.
2020-11-09 10:04:14.858 AM	doWork	SalesExtract
2020-11-09 10:04:32.214 AM	GenerateReport	SalesReportHK - GenerateReport
2020-11-09 10:04:32.975 AM	GenerateReport	SalesReportHK - Try
2020-11-09 10:04:35.459 AM	GenerateReport	SalesReportHK - After Create Object
2020-11-09 10:04:35.463 AM	GenerateReport	User :AS\dlie
2020-11-09 10:04:35.468 AM	GenerateReport	File Exist: C:\Users\dlie\Documents\GitHub\BOne\BusinessOne\bin\x86\Debug\templates\ExcelTemplateNew.xltx True
2020-11-09 10:04:35.948 AM	GenerateReport	Can Open
2020-11-09 10:04:57.830 AM	GenerateReport	SalesReportHK - GenerateReport
2020-11-09 10:04:58.494 AM	GenerateReport	SalesReportHK - Try
2020-11-09 10:05:01.111 AM	GenerateReport	SalesReportHK - After Create Object
2020-11-09 10:05:01.114 AM	GenerateReport	User :AS\dlie
2020-11-09 10:05:01.120 AM	GenerateReport	File Exist: C:\Users\dlie\Documents\GitHub\BOne\BusinessOne\bin\x86\Debug\templates\ExcelTemplateNew.xltx True
2020-11-09 10:05:01.410 AM	GenerateReport	Can Open
2020-11-09 10:15:23.457 AM	doWork	--------Start----------
2020-11-09 10:15:33.994 AM	doWork	SalesReportHK001
2020-11-09 10:15:36.611 AM	GenerateReport	SalesReportHK - GenerateReport
2020-11-09 10:15:37.667 AM	GenerateReport	SalesReportHK - Try
2020-11-09 10:15:40.113 AM	GenerateReport	SalesReportHK - After Create Object
2020-11-09 10:15:40.118 AM	GenerateReport	User :AS\dlie
2020-11-09 10:15:40.124 AM	GenerateReport	File Exist: C:\Users\dlie\Documents\GitHub\BOne\BusinessOne\bin\x86\Debug\templates\ExcelTemplateNew.xltx True
2020-11-09 10:15:40.503 AM	GenerateReport	Can Open
2020-11-09 10:24:04.879 AM	doWork	--------Start----------
2020-11-09 10:24:13.651 AM	doWork	SalesReportHK
2020-11-09 10:24:17.273 AM	GenerateReport	SalesReportHK - GenerateReport
2020-11-09 10:24:18.437 AM	GenerateReport	SalesReportHK - Try
2020-11-09 10:24:21.079 AM	GenerateReport	SalesReportHK - After Create Object
2020-11-09 10:24:21.083 AM	GenerateReport	User :AS\dlie
2020-11-09 10:24:21.089 AM	GenerateReport	File Exist: C:\Users\dlie\Documents\GitHub\BOne\BusinessOne\bin\x86\Debug\templates\ExcelTemplateNew.xltx True
2020-11-09 10:24:21.400 AM	GenerateReport	Can Open
